<?xml version="1.0" encoding="UTF-8"?>
<!-- Generated by org.testng.reporters.JUnitXMLReporter -->
<testsuite ignored="0" hostname="DESKTOP-C8IENHF" failures="0" tests="1" name="Default test" time="28.225" errors="0" timestamp="2022-08-09T07:13:33 IST">
  <testcase classname="collectionSectionTestCases.Click_on_Absract_collection_and_check_of_all_shapes_of_Abstract_collection" name="Click_on_Absract_link_and_check_of_all_shapes_of_Abstract_collection" time="1.251"/>
</testsuite> <!-- Default test -->
