<?xml version="1.0" encoding="UTF-8"?>
<testsuite xmlns:xsi="http://www.w3.org/2001/XMLSchema-instance" xsi:noNamespaceSchemaLocation="https://maven.apache.org/surefire/maven-surefire-plugin/xsd/surefire-test-report-3.0.xsd" version="3.0" name="TestSuite" time="856.401" tests="23" errors="0" skipped="0" failures="3">
  <properties>
[...]
</properties>
  <testcase name="Click_on_Gradation_link_and_check_of_all_shapes_of_Gradation_collection" classname="collectionSectionTestCases.Click_on_Gradation_collection_and_check_of_all_shapes_of_Gradation_collection" time="6.346">
    <system-err><![CDATA[Aug 09, 2022 7:36:58 AM org.openqa.selenium.remote.tracing.opentelemetry.OpenTelemetryTracer createTracer
INFO: Using OpenTelemetry for tracing
SLF4J: Failed to load class "org.slf4j.impl.StaticLoggerBinder".
SLF4J: Defaulting to no-operation (NOP) logger implementation
SLF4J: See http://www.slf4j.org/codes.html#StaticLoggerBinder for further details.
Aug 09, 2022 7:36:58 AM org.openqa.selenium.remote.RemoteWebDriver startSession
WARNING: Support for Legacy Capabilities is deprecated; You are sending the following invalid capabilities: [os_version]; Please update to W3C Syntax: https://www.selenium.dev/blog/2022/legacy-protocol-support/
Aug 09, 2022 7:37:06 AM org.openqa.selenium.remote.ProtocolHandshake createSession
INFO: Detected upstream dialect: W3C
Aug 09, 2022 7:37:06 AM org.openqa.selenium.remote.ProtocolHandshake createSession
WARNING: Support for Legacy Capabilities is deprecated; You are sending the following invalid capabilities: [os_version]; Please update to W3C Syntax: https://www.selenium.dev/blog/2022/legacy-protocol-support/
]]></system-err>
  </testcase>
  <testcase name="Click_on_Vintage_link_and_check_of_all_shapes_of_Vintage_collection" classname="collectionSectionTestCases.Click_on_Vintage_collection_and_check_of_all_shapes_of_Vintage_collection" time="1.57">
    <system-err><![CDATA[Aug 09, 2022 7:37:27 AM org.openqa.selenium.remote.RemoteWebDriver startSession
WARNING: Support for Legacy Capabilities is deprecated; You are sending the following invalid capabilities: [os_version]; Please update to W3C Syntax: https://www.selenium.dev/blog/2022/legacy-protocol-support/
Aug 09, 2022 7:37:31 AM org.openqa.selenium.remote.ProtocolHandshake createSession
INFO: Detected upstream dialect: W3C
Aug 09, 2022 7:37:31 AM org.openqa.selenium.remote.ProtocolHandshake createSession
WARNING: Support for Legacy Capabilities is deprecated; You are sending the following invalid capabilities: [os_version]; Please update to W3C Syntax: https://www.selenium.dev/blog/2022/legacy-protocol-support/
]]></system-err>
  </testcase>
  <testcase name="Click_on_Kids_link_and_check_of_all_shapes_of_Kids_collection" classname="collectionSectionTestCases.Click_on_Kids_collection_and_check_of_all_shapes_of_Kids_collection" time="6.316">
    <system-err><![CDATA[Aug 09, 2022 7:37:49 AM org.openqa.selenium.remote.RemoteWebDriver startSession
WARNING: Support for Legacy Capabilities is deprecated; You are sending the following invalid capabilities: [os_version]; Please update to W3C Syntax: https://www.selenium.dev/blog/2022/legacy-protocol-support/
Aug 09, 2022 7:37:57 AM org.openqa.selenium.remote.ProtocolHandshake createSession
INFO: Detected upstream dialect: W3C
Aug 09, 2022 7:37:57 AM org.openqa.selenium.remote.ProtocolHandshake createSession
WARNING: Support for Legacy Capabilities is deprecated; You are sending the following invalid capabilities: [os_version]; Please update to W3C Syntax: https://www.selenium.dev/blog/2022/legacy-protocol-support/
]]></system-err>
  </testcase>
  <testcase name="Click_on_Batik_play_link_and_check_of_all_shapes_of_Batik_collection" classname="collectionSectionTestCases.Click_on_Batik_play_collection_and_check_of_all_shapes_of_Batik_collection" time="1.092">
    <system-err><![CDATA[Aug 09, 2022 7:38:19 AM org.openqa.selenium.remote.RemoteWebDriver startSession
WARNING: Support for Legacy Capabilities is deprecated; You are sending the following invalid capabilities: [os_version]; Please update to W3C Syntax: https://www.selenium.dev/blog/2022/legacy-protocol-support/
Aug 09, 2022 7:38:23 AM org.openqa.selenium.remote.ProtocolHandshake createSession
INFO: Detected upstream dialect: W3C
Aug 09, 2022 7:38:23 AM org.openqa.selenium.remote.ProtocolHandshake createSession
WARNING: Support for Legacy Capabilities is deprecated; You are sending the following invalid capabilities: [os_version]; Please update to W3C Syntax: https://www.selenium.dev/blog/2022/legacy-protocol-support/
]]></system-err>
  </testcase>
  <testcase name="Click_on_SurfaceArt_play_link_and_check_of_all_shapes_of_SurfaceArt_collection" classname="collectionSectionTestCases.Click_on_SurfaceArt_play_collection_and_check_of_all_shapes_of_SurfaceArt_collection" time="6.176">
    <system-err><![CDATA[Aug 09, 2022 7:38:37 AM org.openqa.selenium.remote.RemoteWebDriver startSession
WARNING: Support for Legacy Capabilities is deprecated; You are sending the following invalid capabilities: [os_version]; Please update to W3C Syntax: https://www.selenium.dev/blog/2022/legacy-protocol-support/
Aug 09, 2022 7:38:41 AM org.openqa.selenium.remote.ProtocolHandshake createSession
INFO: Detected upstream dialect: W3C
Aug 09, 2022 7:38:41 AM org.openqa.selenium.remote.ProtocolHandshake createSession
WARNING: Support for Legacy Capabilities is deprecated; You are sending the following invalid capabilities: [os_version]; Please update to W3C Syntax: https://www.selenium.dev/blog/2022/legacy-protocol-support/
]]></system-err>
  </testcase>
  <testcase name="Click_on_Solids_Color_link_and_check_of_all_shapes_of_Solids_Color_collection" classname="collectionSectionTestCases.Click_on_Solids_Color_collection_and_check_of_all_shapes_of_Solids_Color_collection" time="6.162">
    <system-err><![CDATA[Aug 09, 2022 7:39:01 AM org.openqa.selenium.remote.RemoteWebDriver startSession
WARNING: Support for Legacy Capabilities is deprecated; You are sending the following invalid capabilities: [os_version]; Please update to W3C Syntax: https://www.selenium.dev/blog/2022/legacy-protocol-support/
Aug 09, 2022 7:39:07 AM org.openqa.selenium.remote.ProtocolHandshake createSession
INFO: Detected upstream dialect: W3C
Aug 09, 2022 7:39:07 AM org.openqa.selenium.remote.ProtocolHandshake createSession
WARNING: Support for Legacy Capabilities is deprecated; You are sending the following invalid capabilities: [os_version]; Please update to W3C Syntax: https://www.selenium.dev/blog/2022/legacy-protocol-support/
]]></system-err>
  </testcase>
  <testcase name="Click_on_Cerulean_link_and_check_of_all_shapes_of_Cerulean_collection" classname="collectionSectionTestCases.Click_on_Cerulean_collection_and_check_of_all_shapes_of_Cerulean_collection" time="0.966">
    <system-err><![CDATA[Aug 09, 2022 7:39:26 AM org.openqa.selenium.remote.RemoteWebDriver startSession
WARNING: Support for Legacy Capabilities is deprecated; You are sending the following invalid capabilities: [os_version]; Please update to W3C Syntax: https://www.selenium.dev/blog/2022/legacy-protocol-support/
Aug 09, 2022 7:39:30 AM org.openqa.selenium.remote.ProtocolHandshake createSession
INFO: Detected upstream dialect: W3C
Aug 09, 2022 7:39:30 AM org.openqa.selenium.remote.ProtocolHandshake createSession
WARNING: Support for Legacy Capabilities is deprecated; You are sending the following invalid capabilities: [os_version]; Please update to W3C Syntax: https://www.selenium.dev/blog/2022/legacy-protocol-support/
]]></system-err>
  </testcase>
  <testcase name="Click_on_Flatweaves_link_and_check_of_all_shapes_of_Flatweaves_collection" classname="collectionSectionTestCases.Click_on_Flatweaves_collection_and_check_of_all_shapes_of_Flatweaves_collection" time="6.272">
    <system-err><![CDATA[Aug 09, 2022 7:39:48 AM org.openqa.selenium.remote.RemoteWebDriver startSession
WARNING: Support for Legacy Capabilities is deprecated; You are sending the following invalid capabilities: [os_version]; Please update to W3C Syntax: https://www.selenium.dev/blog/2022/legacy-protocol-support/
Aug 09, 2022 7:39:54 AM org.openqa.selenium.remote.ProtocolHandshake createSession
INFO: Detected upstream dialect: W3C
Aug 09, 2022 7:39:54 AM org.openqa.selenium.remote.ProtocolHandshake createSession
WARNING: Support for Legacy Capabilities is deprecated; You are sending the following invalid capabilities: [os_version]; Please update to W3C Syntax: https://www.selenium.dev/blog/2022/legacy-protocol-support/
]]></system-err>
  </testcase>
  <testcase name="Click_on_Geometric_link_and_check_of_all_shapes_of_Geometric_collection" classname="collectionSectionTestCases.Click_on_Geometric_collection_and_check_of_all_shapes_of_Geometric_collection" time="6.025">
    <system-err><![CDATA[Aug 09, 2022 7:40:16 AM org.openqa.selenium.remote.RemoteWebDriver startSession
WARNING: Support for Legacy Capabilities is deprecated; You are sending the following invalid capabilities: [os_version]; Please update to W3C Syntax: https://www.selenium.dev/blog/2022/legacy-protocol-support/
Aug 09, 2022 7:40:21 AM org.openqa.selenium.remote.ProtocolHandshake createSession
INFO: Detected upstream dialect: W3C
Aug 09, 2022 7:40:21 AM org.openqa.selenium.remote.ProtocolHandshake createSession
WARNING: Support for Legacy Capabilities is deprecated; You are sending the following invalid capabilities: [os_version]; Please update to W3C Syntax: https://www.selenium.dev/blog/2022/legacy-protocol-support/
]]></system-err>
  </testcase>
  <testcase name="Click_on_Terrazo_play_link_and_check_of_all_shapes_of_Terrazo_collection" classname="collectionSectionTestCases.Click_on_Terrazo_play_collection_and_check_of_all_shapes_of_Terrazo_collection" time="142.276">
    <failure message="element not interactable&#10;  (Session info: chrome=99.0.4844.51)&#10;Build info: version: &apos;4.2.2&apos;, revision: &apos;683ccb65d6&apos;&#10;System info: host: &apos;DESKTOP-C8IENHF&apos;, ip: &apos;10.60.18.2&apos;, os.name: &apos;Windows 10&apos;, os.arch: &apos;amd64&apos;, os.version: &apos;10.0&apos;, java.version: &apos;11.0.14&apos;&#10;Driver info: org.openqa.selenium.remote.RemoteWebDriver&#10;Command: [3abc3b2acab56fe75abf870b59aed99e2dcbb822, clickElement {id=d515a662-0f9e-4942-8cc4-6a40c8648985}]&#10;Capabilities {acceptInsecureCerts: false, browserName: chrome, browserVersion: 99.0.4844.51, chrome: {chromedriverVersion: 99.0.4844.35 (f60a827ddb87f..., userDataDir: C:\Windows\proxy\scoped_dir...}, goog:chromeOptions: {debuggerAddress: localhost:1582}, networkConnectionEnabled: false, pageLoadStrategy: normal, platformName: WINDOWS, proxy: Proxy(), setWindowRect: true, strictFileInteractability: false, timeouts: {implicit: 0, pageLoad: 300000, script: 30000}, unhandledPromptBehavior: dismiss and notify, webauthn:extension:credBlob: true, webauthn:extension:largeBlob: true, webauthn:virtualAuthenticators: true, webdriver.remote.sessionid: 3abc3b2acab56fe75abf870b59a...}&#10;Element: [[RemoteWebDriver: chrome on WINDOWS (3abc3b2acab56fe75abf870b59aed99e2dcbb822)] -&gt; xpath: //div[@id=&apos;container&apos;]//div[@class=&apos;owl-nav&apos;]//button[2]]&#10;Session ID: 3abc3b2acab56fe75abf870b59aed99e2dcbb822" type="org.openqa.selenium.ElementNotInteractableException"><![CDATA[org.openqa.selenium.ElementNotInteractableException: 
element not interactable
  (Session info: chrome=99.0.4844.51)
Build info: version: '4.2.2', revision: '683ccb65d6'
System info: host: 'DESKTOP-C8IENHF', ip: '10.60.18.2', os.name: 'Windows 10', os.arch: 'amd64', os.version: '10.0', java.version: '11.0.14'
Driver info: org.openqa.selenium.remote.RemoteWebDriver
Command: [3abc3b2acab56fe75abf870b59aed99e2dcbb822, clickElement {id=d515a662-0f9e-4942-8cc4-6a40c8648985}]
Capabilities {acceptInsecureCerts: false, browserName: chrome, browserVersion: 99.0.4844.51, chrome: {chromedriverVersion: 99.0.4844.35 (f60a827ddb87f..., userDataDir: C:\Windows\proxy\scoped_dir...}, goog:chromeOptions: {debuggerAddress: localhost:1582}, networkConnectionEnabled: false, pageLoadStrategy: normal, platformName: WINDOWS, proxy: Proxy(), setWindowRect: true, strictFileInteractability: false, timeouts: {implicit: 0, pageLoad: 300000, script: 30000}, unhandledPromptBehavior: dismiss and notify, webauthn:extension:credBlob: true, webauthn:extension:largeBlob: true, webauthn:virtualAuthenticators: true, webdriver.remote.sessionid: 3abc3b2acab56fe75abf870b59a...}
Element: [[RemoteWebDriver: chrome on WINDOWS (3abc3b2acab56fe75abf870b59aed99e2dcbb822)] -> xpath: //div[@id='container']//div[@class='owl-nav']//button[2]]
Session ID: 3abc3b2acab56fe75abf870b59aed99e2dcbb822
	at collectionSectionTestCases.Click_on_Terrazo_play_collection_and_check_of_all_shapes_of_Terrazo_collection.Click_on_Terrazo_play_link_and_check_of_all_shapes_of_Terrazo_collection(Click_on_Terrazo_play_collection_and_check_of_all_shapes_of_Terrazo_collection.java:327)
]]></failure>
    <system-err><![CDATA[Aug 09, 2022 7:40:42 AM org.openqa.selenium.remote.RemoteWebDriver startSession
WARNING: Support for Legacy Capabilities is deprecated; You are sending the following invalid capabilities: [os_version]; Please update to W3C Syntax: https://www.selenium.dev/blog/2022/legacy-protocol-support/
Aug 09, 2022 7:40:53 AM org.openqa.selenium.remote.ProtocolHandshake createSession
INFO: Detected upstream dialect: W3C
Aug 09, 2022 7:40:53 AM org.openqa.selenium.remote.ProtocolHandshake createSession
WARNING: Support for Legacy Capabilities is deprecated; You are sending the following invalid capabilities: [os_version]; Please update to W3C Syntax: https://www.selenium.dev/blog/2022/legacy-protocol-support/
]]></system-err>
  </testcase>
  <testcase name="Click_on_Outdoor_link_and_check_of_all_shapes_of_Outdoor_collection" classname="collectionSectionTestCases.Click_on_Outdoor_collection_and_check_of_all_shapes_of_Outdoor_collection" time="5.923">
    <system-err><![CDATA[Aug 09, 2022 7:43:33 AM org.openqa.selenium.remote.RemoteWebDriver startSession
WARNING: Support for Legacy Capabilities is deprecated; You are sending the following invalid capabilities: [os_version]; Please update to W3C Syntax: https://www.selenium.dev/blog/2022/legacy-protocol-support/
Aug 09, 2022 7:43:39 AM org.openqa.selenium.remote.ProtocolHandshake createSession
INFO: Detected upstream dialect: W3C
Aug 09, 2022 7:43:39 AM org.openqa.selenium.remote.ProtocolHandshake createSession
WARNING: Support for Legacy Capabilities is deprecated; You are sending the following invalid capabilities: [os_version]; Please update to W3C Syntax: https://www.selenium.dev/blog/2022/legacy-protocol-support/
]]></system-err>
  </testcase>
  <testcase name="Click_on_Minimalist_link_and_check_of_all_shapes_of_Minimalist_collection" classname="collectionSectionTestCases.Click_on_Minimalist_collection_and_check_of_all_shapes_of_Minimalist_collection" time="1.238">
    <system-err><![CDATA[Aug 09, 2022 7:44:02 AM org.openqa.selenium.remote.RemoteWebDriver startSession
WARNING: Support for Legacy Capabilities is deprecated; You are sending the following invalid capabilities: [os_version]; Please update to W3C Syntax: https://www.selenium.dev/blog/2022/legacy-protocol-support/
Aug 09, 2022 7:44:11 AM org.openqa.selenium.remote.ProtocolHandshake createSession
INFO: Detected upstream dialect: W3C
Aug 09, 2022 7:44:11 AM org.openqa.selenium.remote.ProtocolHandshake createSession
WARNING: Support for Legacy Capabilities is deprecated; You are sending the following invalid capabilities: [os_version]; Please update to W3C Syntax: https://www.selenium.dev/blog/2022/legacy-protocol-support/
]]></system-err>
  </testcase>
  <testcase name="Click_on_Modern_Art_link_and_check_of_all_shapes_of_Modern_Art_collection" classname="collectionSectionTestCases.Click_on_Modern_Art_collection_and_check_of_all_shapes_of_Modern_Art_collection" time="5.951">
    <system-err><![CDATA[Aug 09, 2022 7:44:35 AM org.openqa.selenium.remote.RemoteWebDriver startSession
WARNING: Support for Legacy Capabilities is deprecated; You are sending the following invalid capabilities: [os_version]; Please update to W3C Syntax: https://www.selenium.dev/blog/2022/legacy-protocol-support/
Aug 09, 2022 7:44:39 AM org.openqa.selenium.remote.ProtocolHandshake createSession
INFO: Detected upstream dialect: W3C
Aug 09, 2022 7:44:39 AM org.openqa.selenium.remote.ProtocolHandshake createSession
WARNING: Support for Legacy Capabilities is deprecated; You are sending the following invalid capabilities: [os_version]; Please update to W3C Syntax: https://www.selenium.dev/blog/2022/legacy-protocol-support/
]]></system-err>
  </testcase>
  <testcase name="Click_on_Modern_Geometric_link_and_check_of_all_shapes_of_Modern_Geometric_collection" classname="collectionSectionTestCases.Click_on_Modern_Geometric_collection_and_check_of_all_shapes_of_Modern_Geometric_collection" time="5.949">
    <system-err><![CDATA[Aug 09, 2022 7:44:59 AM org.openqa.selenium.remote.RemoteWebDriver startSession
WARNING: Support for Legacy Capabilities is deprecated; You are sending the following invalid capabilities: [os_version]; Please update to W3C Syntax: https://www.selenium.dev/blog/2022/legacy-protocol-support/
Aug 09, 2022 7:45:06 AM org.openqa.selenium.remote.ProtocolHandshake createSession
INFO: Detected upstream dialect: W3C
Aug 09, 2022 7:45:06 AM org.openqa.selenium.remote.ProtocolHandshake createSession
WARNING: Support for Legacy Capabilities is deprecated; You are sending the following invalid capabilities: [os_version]; Please update to W3C Syntax: https://www.selenium.dev/blog/2022/legacy-protocol-support/
]]></system-err>
  </testcase>
  <testcase name="Click_on_Origami_link_and_check_of_all_shapes_of_Origami_collection" classname="collectionSectionTestCases.Click_on_Origami_collection_and_check_of_all_shapes_of_Origami_collection" time="6.141">
    <system-err><![CDATA[Aug 09, 2022 7:45:25 AM org.openqa.selenium.remote.RemoteWebDriver startSession
WARNING: Support for Legacy Capabilities is deprecated; You are sending the following invalid capabilities: [os_version]; Please update to W3C Syntax: https://www.selenium.dev/blog/2022/legacy-protocol-support/
Aug 09, 2022 7:45:30 AM org.openqa.selenium.remote.ProtocolHandshake createSession
INFO: Detected upstream dialect: W3C
Aug 09, 2022 7:45:30 AM org.openqa.selenium.remote.ProtocolHandshake createSession
WARNING: Support for Legacy Capabilities is deprecated; You are sending the following invalid capabilities: [os_version]; Please update to W3C Syntax: https://www.selenium.dev/blog/2022/legacy-protocol-support/
]]></system-err>
  </testcase>
  <testcase name="Click_on_Monochrome_link_and_check_of_all_shapes_of_Monochrome_collection" classname="collectionSectionTestCases.Click_on_Monochrome_collection_and_check_of_all_shapes_of_Monochrome_collection" time="1.016">
    <system-err><![CDATA[Aug 09, 2022 7:45:50 AM org.openqa.selenium.remote.RemoteWebDriver startSession
WARNING: Support for Legacy Capabilities is deprecated; You are sending the following invalid capabilities: [os_version]; Please update to W3C Syntax: https://www.selenium.dev/blog/2022/legacy-protocol-support/
Aug 09, 2022 7:45:56 AM org.openqa.selenium.remote.ProtocolHandshake createSession
INFO: Detected upstream dialect: W3C
Aug 09, 2022 7:45:56 AM org.openqa.selenium.remote.ProtocolHandshake createSession
WARNING: Support for Legacy Capabilities is deprecated; You are sending the following invalid capabilities: [os_version]; Please update to W3C Syntax: https://www.selenium.dev/blog/2022/legacy-protocol-support/
]]></system-err>
  </testcase>
  <testcase name="Click_on_Brush_Stroke_link_and_check_of_all_shapes_of_Brush_Stroke_collection" classname="collectionSectionTestCases.Click_on_Brush_Stroke_collection_and_check_of_all_shapes_of_Brush_Stroke_collection" time="5.963">
    <system-err><![CDATA[Aug 09, 2022 7:46:11 AM org.openqa.selenium.remote.RemoteWebDriver startSession
WARNING: Support for Legacy Capabilities is deprecated; You are sending the following invalid capabilities: [os_version]; Please update to W3C Syntax: https://www.selenium.dev/blog/2022/legacy-protocol-support/
Aug 09, 2022 7:46:16 AM org.openqa.selenium.remote.ProtocolHandshake createSession
INFO: Detected upstream dialect: W3C
Aug 09, 2022 7:46:16 AM org.openqa.selenium.remote.ProtocolHandshake createSession
WARNING: Support for Legacy Capabilities is deprecated; You are sending the following invalid capabilities: [os_version]; Please update to W3C Syntax: https://www.selenium.dev/blog/2022/legacy-protocol-support/
]]></system-err>
  </testcase>
  <testcase name="Click_on_Animal_Prints_link_and_check_of_all_shapes_of_Animal_Prints_collection" classname="collectionSectionTestCases.Click_on_Animal_Prints_collection_and_check_of_all_shapes_of_Animal_Prints_collection" time="0.985">
    <system-err><![CDATA[Aug 09, 2022 7:46:34 AM org.openqa.selenium.remote.RemoteWebDriver startSession
WARNING: Support for Legacy Capabilities is deprecated; You are sending the following invalid capabilities: [os_version]; Please update to W3C Syntax: https://www.selenium.dev/blog/2022/legacy-protocol-support/
Aug 09, 2022 7:46:41 AM org.openqa.selenium.remote.ProtocolHandshake createSession
INFO: Detected upstream dialect: W3C
Aug 09, 2022 7:46:41 AM org.openqa.selenium.remote.ProtocolHandshake createSession
WARNING: Support for Legacy Capabilities is deprecated; You are sending the following invalid capabilities: [os_version]; Please update to W3C Syntax: https://www.selenium.dev/blog/2022/legacy-protocol-support/
]]></system-err>
  </testcase>
  <testcase name="Test_mouse_over_on_collection_link_and_check_all_collection_is_showing_or_not" classname="collectionSectionTestCases.Mouse_over_on_collection_link" time="5.978">
    <system-err><![CDATA[Aug 09, 2022 7:46:58 AM org.openqa.selenium.remote.RemoteWebDriver startSession
WARNING: Support for Legacy Capabilities is deprecated; You are sending the following invalid capabilities: [os_version]; Please update to W3C Syntax: https://www.selenium.dev/blog/2022/legacy-protocol-support/
Aug 09, 2022 7:47:02 AM org.openqa.selenium.remote.ProtocolHandshake createSession
INFO: Detected upstream dialect: W3C
Aug 09, 2022 7:47:02 AM org.openqa.selenium.remote.ProtocolHandshake createSession
WARNING: Support for Legacy Capabilities is deprecated; You are sending the following invalid capabilities: [os_version]; Please update to W3C Syntax: https://www.selenium.dev/blog/2022/legacy-protocol-support/
]]></system-err>
  </testcase>
  <testcase name="Click_on_Floral_link_and_check_of_all_shapes_of_Floral_collection" classname="collectionSectionTestCases.Click_on_Floral_collection_and_check_of_all_shapes_of_Floral_collection" time="0.867">
    <system-err><![CDATA[Aug 09, 2022 7:47:22 AM org.openqa.selenium.remote.RemoteWebDriver startSession
WARNING: Support for Legacy Capabilities is deprecated; You are sending the following invalid capabilities: [os_version]; Please update to W3C Syntax: https://www.selenium.dev/blog/2022/legacy-protocol-support/
Aug 09, 2022 7:47:28 AM org.openqa.selenium.remote.ProtocolHandshake createSession
INFO: Detected upstream dialect: W3C
Aug 09, 2022 7:47:28 AM org.openqa.selenium.remote.ProtocolHandshake createSession
WARNING: Support for Legacy Capabilities is deprecated; You are sending the following invalid capabilities: [os_version]; Please update to W3C Syntax: https://www.selenium.dev/blog/2022/legacy-protocol-support/
]]></system-err>
  </testcase>
  <testcase name="Click_on_Absract_link_and_check_of_all_shapes_of_Abstract_collection" classname="collectionSectionTestCases.Click_on_Absract_collection_and_check_of_all_shapes_of_Abstract_collection" time="1.172">
    <system-err><![CDATA[Aug 09, 2022 7:47:43 AM org.openqa.selenium.remote.RemoteWebDriver startSession
WARNING: Support for Legacy Capabilities is deprecated; You are sending the following invalid capabilities: [os_version]; Please update to W3C Syntax: https://www.selenium.dev/blog/2022/legacy-protocol-support/
Aug 09, 2022 7:47:48 AM org.openqa.selenium.remote.ProtocolHandshake createSession
INFO: Detected upstream dialect: W3C
Aug 09, 2022 7:47:48 AM org.openqa.selenium.remote.ProtocolHandshake createSession
WARNING: Support for Legacy Capabilities is deprecated; You are sending the following invalid capabilities: [os_version]; Please update to W3C Syntax: https://www.selenium.dev/blog/2022/legacy-protocol-support/
]]></system-err>
  </testcase>
  <testcase name="click_on_collection_link" classname="collectionSectionTestCases.Click_Collection_Link" time="6.944">
    <failure message="no such element: Unable to locate element: {&quot;method&quot;:&quot;xpath&quot;,&quot;selector&quot;:&quot;//a[normalize-space()=&apos;SHOP THE COLLECTION&apos;]&quot;}&#10;  (Session info: chrome=99.0.4844.51)&#10;For documentation on this error, please visit: https://selenium.dev/exceptions/#no_such_element&#10;Build info: version: &apos;4.2.2&apos;, revision: &apos;683ccb65d6&apos;&#10;System info: host: &apos;DESKTOP-C8IENHF&apos;, ip: &apos;10.60.18.2&apos;, os.name: &apos;Windows 10&apos;, os.arch: &apos;amd64&apos;, os.version: &apos;10.0&apos;, java.version: &apos;11.0.14&apos;&#10;Driver info: org.openqa.selenium.remote.RemoteWebDriver&#10;Command: [ec78cd8f9a8fbb88f1d7121266cb1037dba81fef, findElement {using=xpath, value=//a[normalize-space()=&apos;SHOP THE COLLECTION&apos;]}]&#10;Capabilities {acceptInsecureCerts: false, browserName: chrome, browserVersion: 99.0.4844.51, chrome: {chromedriverVersion: 99.0.4844.35 (f60a827ddb87f..., userDataDir: C:\Windows\proxy\scoped_dir...}, goog:chromeOptions: {debuggerAddress: localhost:1612}, networkConnectionEnabled: false, pageLoadStrategy: normal, platformName: WINDOWS, proxy: Proxy(), setWindowRect: true, strictFileInteractability: false, timeouts: {implicit: 0, pageLoad: 300000, script: 30000}, unhandledPromptBehavior: dismiss and notify, webauthn:extension:credBlob: true, webauthn:extension:largeBlob: true, webauthn:virtualAuthenticators: true, webdriver.remote.sessionid: ec78cd8f9a8fbb88f1d7121266c...}&#10;Session ID: ec78cd8f9a8fbb88f1d7121266cb1037dba81fef" type="org.openqa.selenium.NoSuchElementException"><![CDATA[org.openqa.selenium.NoSuchElementException: 
no such element: Unable to locate element: {"method":"xpath","selector":"//a[normalize-space()='SHOP THE COLLECTION']"}
  (Session info: chrome=99.0.4844.51)
For documentation on this error, please visit: https://selenium.dev/exceptions/#no_such_element
Build info: version: '4.2.2', revision: '683ccb65d6'
System info: host: 'DESKTOP-C8IENHF', ip: '10.60.18.2', os.name: 'Windows 10', os.arch: 'amd64', os.version: '10.0', java.version: '11.0.14'
Driver info: org.openqa.selenium.remote.RemoteWebDriver
Command: [ec78cd8f9a8fbb88f1d7121266cb1037dba81fef, findElement {using=xpath, value=//a[normalize-space()='SHOP THE COLLECTION']}]
Capabilities {acceptInsecureCerts: false, browserName: chrome, browserVersion: 99.0.4844.51, chrome: {chromedriverVersion: 99.0.4844.35 (f60a827ddb87f..., userDataDir: C:\Windows\proxy\scoped_dir...}, goog:chromeOptions: {debuggerAddress: localhost:1612}, networkConnectionEnabled: false, pageLoadStrategy: normal, platformName: WINDOWS, proxy: Proxy(), setWindowRect: true, strictFileInteractability: false, timeouts: {implicit: 0, pageLoad: 300000, script: 30000}, unhandledPromptBehavior: dismiss and notify, webauthn:extension:credBlob: true, webauthn:extension:largeBlob: true, webauthn:virtualAuthenticators: true, webdriver.remote.sessionid: ec78cd8f9a8fbb88f1d7121266c...}
Session ID: ec78cd8f9a8fbb88f1d7121266cb1037dba81fef
	at collectionSectionTestCases.Click_Collection_Link.click_on_collection_link(Click_Collection_Link.java:15)
]]></failure>
    <system-err><![CDATA[Aug 09, 2022 7:48:04 AM org.openqa.selenium.remote.RemoteWebDriver startSession
WARNING: Support for Legacy Capabilities is deprecated; You are sending the following invalid capabilities: [os_version]; Please update to W3C Syntax: https://www.selenium.dev/blog/2022/legacy-protocol-support/
Aug 09, 2022 7:48:09 AM org.openqa.selenium.remote.ProtocolHandshake createSession
INFO: Detected upstream dialect: W3C
Aug 09, 2022 7:48:09 AM org.openqa.selenium.remote.ProtocolHandshake createSession
WARNING: Support for Legacy Capabilities is deprecated; You are sending the following invalid capabilities: [os_version]; Please update to W3C Syntax: https://www.selenium.dev/blog/2022/legacy-protocol-support/
]]></system-err>
  </testcase>
  <testcase name="Click_on_View_All_collection_link_and_check_of_all_shapes_of_View_All_Collection_collection" classname="collectionSectionTestCases.Click_on_View_All_collection_and_check_of_all_shapes_of_View_All_Collection_collection" time="132.068">
    <failure message="element not interactable&#10;  (Session info: chrome=99.0.4844.51)&#10;Build info: version: &apos;4.2.2&apos;, revision: &apos;683ccb65d6&apos;&#10;System info: host: &apos;DESKTOP-C8IENHF&apos;, ip: &apos;10.60.18.2&apos;, os.name: &apos;Windows 10&apos;, os.arch: &apos;amd64&apos;, os.version: &apos;10.0&apos;, java.version: &apos;11.0.14&apos;&#10;Driver info: org.openqa.selenium.remote.RemoteWebDriver&#10;Command: [8c2e294f760773fefc94a6465095a251539a214b, clickElement {id=074b2a48-9258-4f11-829e-c5395aae5d6e}]&#10;Capabilities {acceptInsecureCerts: false, browserName: chrome, browserVersion: 99.0.4844.51, chrome: {chromedriverVersion: 99.0.4844.35 (f60a827ddb87f..., userDataDir: /var/folders/3y/zz_w6_s56sl...}, goog:chromeOptions: {debuggerAddress: localhost:56632}, networkConnectionEnabled: false, pageLoadStrategy: normal, platformName: MAC, proxy: Proxy(), setWindowRect: true, strictFileInteractability: false, timeouts: {implicit: 0, pageLoad: 300000, script: 30000}, unhandledPromptBehavior: dismiss and notify, webauthn:extension:credBlob: true, webauthn:extension:largeBlob: true, webauthn:virtualAuthenticators: true, webdriver.remote.sessionid: 8c2e294f760773fefc94a646509...}&#10;Element: [[RemoteWebDriver: chrome on MAC (8c2e294f760773fefc94a6465095a251539a214b)] -&gt; xpath: //div[@id=&apos;container&apos;]//div[@class=&apos;owl-nav&apos;]//button[2]]&#10;Session ID: 8c2e294f760773fefc94a6465095a251539a214b" type="org.openqa.selenium.ElementNotInteractableException"><![CDATA[org.openqa.selenium.ElementNotInteractableException: 
element not interactable
  (Session info: chrome=99.0.4844.51)
Build info: version: '4.2.2', revision: '683ccb65d6'
System info: host: 'DESKTOP-C8IENHF', ip: '10.60.18.2', os.name: 'Windows 10', os.arch: 'amd64', os.version: '10.0', java.version: '11.0.14'
Driver info: org.openqa.selenium.remote.RemoteWebDriver
Command: [8c2e294f760773fefc94a6465095a251539a214b, clickElement {id=074b2a48-9258-4f11-829e-c5395aae5d6e}]
Capabilities {acceptInsecureCerts: false, browserName: chrome, browserVersion: 99.0.4844.51, chrome: {chromedriverVersion: 99.0.4844.35 (f60a827ddb87f..., userDataDir: /var/folders/3y/zz_w6_s56sl...}, goog:chromeOptions: {debuggerAddress: localhost:56632}, networkConnectionEnabled: false, pageLoadStrategy: normal, platformName: MAC, proxy: Proxy(), setWindowRect: true, strictFileInteractability: false, timeouts: {implicit: 0, pageLoad: 300000, script: 30000}, unhandledPromptBehavior: dismiss and notify, webauthn:extension:credBlob: true, webauthn:extension:largeBlob: true, webauthn:virtualAuthenticators: true, webdriver.remote.sessionid: 8c2e294f760773fefc94a646509...}
Element: [[RemoteWebDriver: chrome on MAC (8c2e294f760773fefc94a6465095a251539a214b)] -> xpath: //div[@id='container']//div[@class='owl-nav']//button[2]]
Session ID: 8c2e294f760773fefc94a6465095a251539a214b
	at collectionSectionTestCases.Click_on_View_All_collection_and_check_of_all_shapes_of_View_All_Collection_collection.Click_on_View_All_collection_link_and_check_of_all_shapes_of_View_All_Collection_collection(Click_on_View_All_collection_and_check_of_all_shapes_of_View_All_Collection_collection.java:327)
]]></failure>
    <system-err><![CDATA[Aug 09, 2022 7:48:43 AM org.openqa.selenium.remote.RemoteWebDriver startSession
WARNING: Support for Legacy Capabilities is deprecated; You are sending the following invalid capabilities: [os_version]; Please update to W3C Syntax: https://www.selenium.dev/blog/2022/legacy-protocol-support/
Aug 09, 2022 7:48:47 AM org.openqa.selenium.remote.ProtocolHandshake createSession
INFO: Detected upstream dialect: W3C
Aug 09, 2022 7:48:47 AM org.openqa.selenium.remote.ProtocolHandshake createSession
WARNING: Support for Legacy Capabilities is deprecated; You are sending the following invalid capabilities: [os_version]; Please update to W3C Syntax: https://www.selenium.dev/blog/2022/legacy-protocol-support/
]]></system-err>
  </testcase>
</testsuite>